C:\Program Files\Microsoft Visual Studio\18\Community\MSBuild\Microsoft\VC\v180\Microsoft.CppBuild.targets(551,5): warning MSB8028: la directory intermedia (.\Intermediate\Debug\) contiene file condivisi da un altro progetto (Deform Engine.vcxproj). Tale condizione può comportare un comportamento di pulizia e ricompilazione non corretto.
  Vector.cpp
  Object.cpp
  DXRender.cpp
  scene.cpp
  Window.cpp
  logger.cpp
  main.cpp
C:\Program Files (x86)\Windows Kits\10\Include\10.0.26100.0\shared\minwindef.h(130,9): warning C4005: 'APIENTRY': ridefinizione macro
  (compilazione del file di origine 'src/main.cpp')
      C:\Users\youssef\OneDrive\lavori\Deform_Engine\Deform\src\external\GLFW\include\GLFW\glfw3.h(125,11):
      vedi la precedente definizione di 'APIENTRY'
  
C:\Users\youssef\OneDrive\lavori\Deform_Engine\Deform\src\Engine.h(29,35): warning C4251: 'deform::Logger::s_Logs': 'std::vector<std::string,std::allocator<std::string>>' deve avere un'interfaccia dll per essere usata dai client di 'deform::Logger'
  (compilazione del file di origine 'src/Engine/core/render/d3d11/DXRender.cpp')
      C:\Program Files\Microsoft Visual Studio\18\Community\VC\Tools\MSVC\14.50.35717\include\vector(442,7):
      vedere la dichiarazione di 'std::vector<std::string,std::allocator<std::string>>'
  
C:\Users\youssef\OneDrive\lavori\Deform_Engine\Deform\src\Engine.h(29,35): warning C4251: 'deform::Logger::s_Logs': 'std::vector<std::string,std::allocator<std::string>>' deve avere un'interfaccia dll per essere usata dai client di 'deform::Logger'
  (compilazione del file di origine 'src/main.cpp')
      C:\Program Files\Microsoft Visual Studio\18\Community\VC\Tools\MSVC\14.50.35717\include\vector(442,7):
      vedere la dichiarazione di 'std::vector<std::string,std::allocator<std::string>>'
  
  DDSTextureLoader11.cpp
C:\Users\youssef\OneDrive\lavori\Deform_Engine\Deform\src\Engine.h(29,35): warning C4251: 'deform::Logger::s_Logs': 'std::vector<std::string,std::allocator<std::string>>' deve avere un'interfaccia dll per essere usata dai client di 'deform::Logger'
  (compilazione del file di origine 'src/Engine/core/logger.cpp')
      C:\Program Files\Microsoft Visual Studio\18\Community\VC\Tools\MSVC\14.50.35717\include\vector(442,7):
      vedere la dichiarazione di 'std::vector<std::string,std::allocator<std::string>>'
  
     Creazione della libreria .\bin\Debug\Engine_Debug.lib e dell'oggetto .\bin\Debug\Engine_Debug.exp
LINK : warning LNK4098: la libreria predefinita 'MSVCRT' è in conflitto con l'utilizzo di altre librerie; usare /NODEFAULTLIB:libreria
  Deform Engine.vcxproj -> C:\Users\youssef\OneDrive\lavori\Deform_Engine\Deform\bin\Debug\Engine_Debug.dll
