C:\Program Files\Microsoft Visual Studio\18\Community\MSBuild\Microsoft\VC\v180\Microsoft.CppBuild.targets(551,5): warning MSB8028: la directory intermedia (.\Intermediate\Release\) contiene file condivisi da un altro progetto (Deform Engine.vcxproj). Tale condizione può comportare un comportamento di pulizia e ricompilazione non corretto.
  DXRender.cpp
  logger.cpp
  main.cpp
C:\Users\youssef\OneDrive\lavori\Deform_Engine\Deform\src\Engine.h(29,35): warning C4251: 'deform::Logger::s_Logs': 'std::vector<std::string,std::allocator<std::string>>' deve avere un'interfaccia dll per essere usata dai client di 'deform::Logger'
  (compilazione del file di origine 'src/main.cpp')
      C:\Program Files\Microsoft Visual Studio\18\Community\VC\Tools\MSVC\14.50.35717\include\vector(442,7):
      vedere la dichiarazione di 'std::vector<std::string,std::allocator<std::string>>'
  
C:\Users\youssef\OneDrive\lavori\Deform_Engine\Deform\src\main.cpp(25,10): error C2065: 'InitGLFW': identificatore non dichiarato
C:\Users\youssef\OneDrive\lavori\Deform_Engine\Deform\src\main.cpp(26,10): error C2065: 'InitD3d11': identificatore non dichiarato
C:\Users\youssef\OneDrive\lavori\Deform_Engine\Deform\src\Engine.h(29,35): warning C4251: 'deform::Logger::s_Logs': 'std::vector<std::string,std::allocator<std::string>>' deve avere un'interfaccia dll per essere usata dai client di 'deform::Logger'
  (compilazione del file di origine 'src/Engine/core/logger.cpp')
      C:\Program Files\Microsoft Visual Studio\18\Community\VC\Tools\MSVC\14.50.35717\include\vector(442,7):
      vedere la dichiarazione di 'std::vector<std::string,std::allocator<std::string>>'
  
C:\Users\youssef\OneDrive\lavori\Deform_Engine\Deform\src\Engine.h(29,35): warning C4251: 'deform::Logger::s_Logs': 'std::vector<std::string,std::allocator<std::string>>' deve avere un'interfaccia dll per essere usata dai client di 'deform::Logger'
  (compilazione del file di origine 'src/Engine/core/render/d3d11/DXRender.cpp')
      C:\Program Files\Microsoft Visual Studio\18\Community\VC\Tools\MSVC\14.50.35717\include\vector(442,7):
      vedere la dichiarazione di 'std::vector<std::string,std::allocator<std::string>>'
  
C:\Users\youssef\OneDrive\lavori\Deform_Engine\Deform\src\Engine\core\render\d3d11\DXRender.cpp(26,16): warning C4273: 'DXRender::Initialize': collegamento dll non coerente
      C:\Users\youssef\OneDrive\lavori\Deform_Engine\Deform\src\Engine\core\render\d3d11\DXRender.h(25,14):
      vedi la precedente definizione di 'DXRender::Initialize'
  
C:\Users\youssef\OneDrive\lavori\Deform_Engine\Deform\src\Engine\core\render\d3d11\DXRender.cpp(169,16): warning C4273: 'DXRender::Resize': collegamento dll non coerente
      C:\Users\youssef\OneDrive\lavori\Deform_Engine\Deform\src\Engine\core\render\d3d11\DXRender.h(27,8):
      vedi la precedente definizione di 'DXRender::Resize'
  
C:\Users\youssef\OneDrive\lavori\Deform_Engine\Deform\src\Engine\core\logger.cpp(9,42): warning C4273: 's_Logs': collegamento dll non coerente
      C:\Users\youssef\OneDrive\lavori\Deform_Engine\Deform\src\Engine.h(29,35):
      vedi la precedente definizione di 's_Logs'
  
C:\Users\youssef\OneDrive\lavori\Deform_Engine\Deform\src\Engine\core\logger.cpp(9,42): error C2491: 'deform::Logger::s_Logs': definizione di dllimport membro dati statici non consentita
C:\Users\youssef\OneDrive\lavori\Deform_Engine\Deform\src\Engine\core\logger.cpp(11,22): warning C4273: 'deform::Logger::Log': collegamento dll non coerente
      C:\Users\youssef\OneDrive\lavori\Deform_Engine\Deform\src\Engine.h(23,15):
      vedi la precedente definizione di 'deform::Logger::Log'
  
C:\Users\youssef\OneDrive\lavori\Deform_Engine\Deform\src\Engine\core\logger.cpp(16,22): warning C4273: 'deform::Logger::FatalError': collegamento dll non coerente
      C:\Users\youssef\OneDrive\lavori\Deform_Engine\Deform\src\Engine.h(24,15):
      vedi la precedente definizione di 'deform::Logger::FatalError'
  
C:\Users\youssef\OneDrive\lavori\Deform_Engine\Deform\src\Engine\core\logger.cpp(21,49): warning C4273: 'deform::Logger::GetLogs': collegamento dll non coerente
      C:\Users\youssef\OneDrive\lavori\Deform_Engine\Deform\src\Engine.h(26,42):
      vedi la precedente definizione di 'deform::Logger::GetLogs'
  
